[22:31:41] [ServerMain/INFO]: Environment: Environment[sessionHost=https://sessionserver.mojang.com, servicesHost=https://api.minecraftservices.com, name=PROD]
[22:31:43] [ServerMain/INFO]: Loaded 1370 recipes
[22:31:43] [ServerMain/INFO]: Loaded 1481 advancements
[22:31:43] [Server thread/INFO]: Starting minecraft server version 1.21.4
[22:31:43] [Server thread/INFO]: Loading properties
[22:31:43] [Server thread/INFO]: Default game type: SURVIVAL
[22:31:43] [Server thread/INFO]: Generating keypair
[22:31:43] [Server thread/INFO]: Starting Minecraft server on *:25565
[22:31:43] [Server thread/INFO]: Using epoll channel type
[22:31:44] [Server thread/WARN]: **** SERVER IS RUNNING IN OFFLINE/INSECURE MODE!
[22:31:44] [Server thread/WARN]: The server will make no attempt to authenticate usernames. Beware.
[22:31:44] [Server thread/WARN]: While this makes the game possible to play without internet access, it also opens up the ability for hackers to connect with any username they choose.
[22:31:44] [Server thread/WARN]: To change this, set "online-mode" to "true" in the server.properties file.
[22:31:44] [Server thread/INFO]: Preparing level "world"
[22:31:44] [Server thread/INFO]: Preparing start region for dimension minecraft:overworld
[22:31:47] [Worker-Main-3/INFO]: Preparing spawn area: 0%
[22:31:47] [Worker-Main-3/INFO]: Preparing spawn area: 0%
[22:31:47] [Worker-Main-3/INFO]: Preparing spawn area: 0%
[22:31:47] [Worker-Main-3/INFO]: Preparing spawn area: 0%
[22:31:47] [Worker-Main-3/INFO]: Preparing spawn area: 0%
[22:31:47] [Worker-Main-3/INFO]: Preparing spawn area: 0%
[22:31:47] [Worker-Main-3/INFO]: Preparing spawn area: 0%
[22:31:47] [Worker-Main-3/INFO]: Preparing spawn area: 0%
[22:31:47] [Server thread/INFO]: Time elapsed: 3659 ms
[22:31:47] [Server thread/INFO]: Done (3.964s)! For help, type "help"
[22:31:48] [Server thread/INFO]: Unknown or incomplete command, see below for error
[22:31:48] [Server thread/INFO]: home/codespace/.python/current/bin/python /workspaces/serverdos/msx.py<--[HERE]
[22:32:47] [Server thread/INFO]: Server empty for 60 seconds, pausing
[22:34:34] [Server thread/INFO]: Stopping the server
[22:34:34] [Server thread/INFO]: Stopping server
[22:34:34] [Server thread/INFO]: Saving players
[22:34:34] [Server thread/INFO]: Saving worlds
[22:34:34] [Server thread/INFO]: Saving chunks for level 'ServerLevel[world]'/minecraft:overworld
[22:34:34] [Server thread/INFO]: Saving chunks for level 'ServerLevel[world]'/minecraft:the_nether
[22:34:34] [Server thread/INFO]: Saving chunks for level 'ServerLevel[world]'/minecraft:the_end
[22:34:34] [Server thread/INFO]: ThreadedAnvilChunkStorage (world): All chunks are saved
[22:34:34] [Server thread/INFO]: ThreadedAnvilChunkStorage (DIM-1): All chunks are saved
[22:34:34] [Server thread/INFO]: ThreadedAnvilChunkStorage (DIM1): All chunks are saved
[22:34:34] [Server thread/INFO]: ThreadedAnvilChunkStorage: All dimensions are saved
